<?xml version="1.0" encoding="UTF-8"?>
<testng-results skipped="0" failed="0" total="1" passed="1">
  <reporter-output>
  </reporter-output>
  <suite name="Default suite" duration-ms="27667" started-at="2020-06-04T11:14:05Z" finished-at="2020-06-04T11:14:33Z">
    <groups>
    </groups>
    <test name="Default test" duration-ms="27667" started-at="2020-06-04T11:14:05Z" finished-at="2020-06-04T11:14:33Z">
      <class name="com.applitools.hackathon_ufg.testngcls">
        <test-method status="PASS" signature="beforecls()[pri:0, instance:com.applitools.hackathon_ufg.testngcls@53b32d7]" name="beforecls" is-config="true" duration-ms="3437" started-at="2020-06-04T16:44:05Z" finished-at="2020-06-04T16:44:09Z">
          <reporter-output>
          </reporter-output>
        </test-method> <!-- beforecls -->
        <test-method status="PASS" signature="f()[pri:0, instance:com.applitools.hackathon_ufg.testngcls@53b32d7]" name="f" duration-ms="24201" started-at="2020-06-04T16:44:09Z" finished-at="2020-06-04T16:44:33Z">
          <reporter-output>
          </reporter-output>
        </test-method> <!-- f -->
      </class> <!-- com.applitools.hackathon_ufg.testngcls -->
    </test> <!-- Default test -->
  </suite> <!-- Default suite -->
</testng-results>
